  Thêm thuộc tính Disapproved,Rejected vào cột status của bảng Projects
  SET Default lại cho cột status thành Disapproved
  'status' enum('Rejected','Disapproved','Ongoing','Finished','OnHold') COLLATE utf8mb4_unicode_ci NOT NULL DEFAULT 'Disapproved',

  Tạo bảng procedures với các cột sau:
  CREATE TABLE 'procedures' (
    'id' int(11) NOT NULL,
    'name' varchar(1000) NOT NULL,
    'procedure_type' int(11) DEFAULT NULL,
    'description' longtext NOT NULL,
    'created_at' timestamp NOT NULL DEFAULT current_timestamp(),
    'updated_at' timestamp NOT NULL DEFAULT current_timestamp()
  ) ENGINE=InnoDB DEFAULT CHARSET=utf8mb4;

  Tạo bảng procedures_type với các cột sau:
  CREATE TABLE 'procedures_type' (
    'id' int(11) NOT NULL,    
    'name' varchar(1000) NOT NULL,
    'description' text NOT NULL,
    'created_at' timestamp NOT NULL DEFAULT current_timestamp(),
    'updated_at' timestamp NOT NULL DEFAULT current_timestamp()
  ) ENGINE=InnoDB DEFAULT CHARSET=utf8mb4;

  Chuyển trường 'designation_id' từ bảng 'promotions' thành nullable
  Thêm cột 'status' vào bảng 'promotions' với giá trị mặc định là '0' 



  ####### create table manager_files

CREATE TABLE `manager_files` (
	`id` BIGINT(19) NOT NULL AUTO_INCREMENT,
	`user_id` INT(10) NULL DEFAULT NULL,
	`name` VARCHAR(255) NULL DEFAULT NULL COMMENT 'tên hồ sơ' COLLATE 'utf8mb4_general_ci',
	`type` VARCHAR(255) NULL DEFAULT NULL COMMENT 'loại hồ sơ' COLLATE 'utf8mb4_general_ci',
	`status` TINYINT(3) NULL DEFAULT '0' COMMENT 'trạng thái',
	`created_at` TIMESTAMP NULL DEFAULT NULL,
	`updated_at` TIMESTAMP NULL DEFAULT NULL,
	PRIMARY KEY (`id`) USING BTREE
)
COLLATE='utf8mb4_general_ci'
ENGINE=InnoDB
;

Thêm cột 'sign_image' vào bảng 'users' varchar(1000)  nullable
